[INFO] GremlinServer - 
         \,,,/
         (o o)
-----oOOo-(3)-oOOo-----

[INFO] GremlinServer - Configuring Gremlin Server from /home/thomaswood/code/projects/vg_scene_graph/apache-tinkerpop-gremlin-server-3.3.3/conf/gremlin-server.yaml
[INFO] MetricManager - Configured Metrics ConsoleReporter configured with report interval=180000ms
[INFO] MetricManager - Configured Metrics CsvReporter configured with report interval=180000ms to fileName=/tmp/gremlin-server-metrics.csv
[INFO] MetricManager - Configured Metrics JmxReporter configured with domain= and agentId=
[INFO] MetricManager - Configured Metrics Slf4jReporter configured with interval=180000ms and loggerName=org.apache.tinkerpop.gremlin.server.Settings$Slf4jReporterMetrics
[INFO] DefaultGraphManager - Graph [graph] was successfully configured via [conf/tinkergraph-empty.properties].
[INFO] ServerGremlinExecutor - Initialized Gremlin thread pool.  Threads in pool named with pattern gremlin-*
[INFO] ServerGremlinExecutor - Initialized GremlinExecutor and preparing GremlinScriptEngines instances.
[INFO] ServerGremlinExecutor - Initialized gremlin-groovy GremlinScriptEngine and registered metrics
[INFO] ServerGremlinExecutor - A GraphTraversalSource is now bound to [g] with graphtraversalsource[tinkergraph[vertices:0 edges:0], standard]
[INFO] OpLoader - Adding the standard OpProcessor.
[INFO] OpLoader - Adding the session OpProcessor.
[INFO] OpLoader - Adding the traversal OpProcessor.
[INFO] TraversalOpProcessor - Initialized cache for TraversalOpProcessor with size 1000 and expiration time of 600000 ms
[INFO] GremlinServer - Executing start up LifeCycleHook
[INFO] Logger$info - Executed once at startup of Gremlin Server.
[INFO] GremlinServer - idleConnectionTimeout was set to 0 which resolves to 0 seconds when configuring this value - this feature will be disabled
[INFO] GremlinServer - keepAliveInterval was set to 0 which resolves to 0 seconds when configuring this value - this feature will be disabled
[INFO] AbstractChannelizer - Configured application/vnd.gremlin-v3.0+gryo with org.apache.tinkerpop.gremlin.driver.ser.GryoMessageSerializerV3d0
[INFO] AbstractChannelizer - Configured application/vnd.gremlin-v3.0+gryo-stringd with org.apache.tinkerpop.gremlin.driver.ser.GryoMessageSerializerV3d0
[INFO] AbstractChannelizer - Configured application/vnd.gremlin-v3.0+json with org.apache.tinkerpop.gremlin.driver.ser.GraphSONMessageSerializerV3d0
[INFO] AbstractChannelizer - Configured application/json with org.apache.tinkerpop.gremlin.driver.ser.GraphSONMessageSerializerV3d0
[INFO] GremlinServer$1 - Gremlin Server configured with worker thread pool of 1, gremlin pool of 8 and boss thread pool of 1.
[INFO] GremlinServer$1 - Channel started at port 8182.
9/28/18 2:49:32 PM =============================================================

-- Gauges ----------------------------------------------------------------------
org.apache.tinkerpop.gremlin.server.GremlinServer.gremlin-groovy.sessionless.class-cache.average-load-penalty
             value = 1.664059495E8
org.apache.tinkerpop.gremlin.server.GremlinServer.gremlin-groovy.sessionless.class-cache.estimated-size
             value = 2
org.apache.tinkerpop.gremlin.server.GremlinServer.gremlin-groovy.sessionless.class-cache.eviction-count
             value = 0
org.apache.tinkerpop.gremlin.server.GremlinServer.gremlin-groovy.sessionless.class-cache.eviction-weight
             value = 0
org.apache.tinkerpop.gremlin.server.GremlinServer.gremlin-groovy.sessionless.class-cache.hit-count
             value = 0
org.apache.tinkerpop.gremlin.server.GremlinServer.gremlin-groovy.sessionless.class-cache.hit-rate
             value = 0.0
org.apache.tinkerpop.gremlin.server.GremlinServer.gremlin-groovy.sessionless.class-cache.load-count
             value = 2
org.apache.tinkerpop.gremlin.server.GremlinServer.gremlin-groovy.sessionless.class-cache.load-failure-count
             value = 0
org.apache.tinkerpop.gremlin.server.GremlinServer.gremlin-groovy.sessionless.class-cache.load-failure-rate
             value = 0.0
org.apache.tinkerpop.gremlin.server.GremlinServer.gremlin-groovy.sessionless.class-cache.load-success-count
             value = 2
org.apache.tinkerpop.gremlin.server.GremlinServer.gremlin-groovy.sessionless.class-cache.long-run-compilation-count
             value = 0
org.apache.tinkerpop.gremlin.server.GremlinServer.gremlin-groovy.sessionless.class-cache.miss-count
             value = 2
org.apache.tinkerpop.gremlin.server.GremlinServer.gremlin-groovy.sessionless.class-cache.miss-rate
             value = 1.0
org.apache.tinkerpop.gremlin.server.GremlinServer.gremlin-groovy.sessionless.class-cache.request-count
             value = 2
org.apache.tinkerpop.gremlin.server.GremlinServer.gremlin-groovy.sessionless.class-cache.total-load-time
             value = 332811899
org.apache.tinkerpop.gremlin.server.GremlinServer.sessions
             value = 0

-- Meters ----------------------------------------------------------------------
org.apache.tinkerpop.gremlin.server.GremlinServer.errors
             count = 0
         mean rate = 0.00 events/second
     1-minute rate = 0.00 events/second
     5-minute rate = 0.00 events/second
    15-minute rate = 0.00 events/second

-- Timers ----------------------------------------------------------------------
org.apache.tinkerpop.gremlin.server.GremlinServer.op.eval
             count = 0
         mean rate = 0.00 calls/second
     1-minute rate = 0.00 calls/second
     5-minute rate = 0.00 calls/second
    15-minute rate = 0.00 calls/second
               min = 0.00 milliseconds
               max = 0.00 milliseconds
              mean = 0.00 milliseconds
            stddev = 0.00 milliseconds
            median = 0.00 milliseconds
              75% <= 0.00 milliseconds
              95% <= 0.00 milliseconds
              98% <= 0.00 milliseconds
              99% <= 0.00 milliseconds
            99.9% <= 0.00 milliseconds
org.apache.tinkerpop.gremlin.server.GremlinServer.op.traversal
             count = 5
         mean rate = 0.03 calls/second
     1-minute rate = 0.03 calls/second
     5-minute rate = 0.01 calls/second
    15-minute rate = 0.01 calls/second
               min = 1.02 milliseconds
               max = 14.81 milliseconds
              mean = 3.91 milliseconds
            stddev = 6.10 milliseconds
            median = 1.24 milliseconds
              75% <= 8.09 milliseconds
              95% <= 14.81 milliseconds
              98% <= 14.81 milliseconds
              99% <= 14.81 milliseconds
            99.9% <= 14.81 milliseconds


[INFO] MarkerIgnoringBase - type=GAUGE, name=org.apache.tinkerpop.gremlin.server.GremlinServer.gremlin-groovy.sessionless.class-cache.average-load-penalty, value=1.664059495E8
[INFO] MarkerIgnoringBase - type=GAUGE, name=org.apache.tinkerpop.gremlin.server.GremlinServer.gremlin-groovy.sessionless.class-cache.estimated-size, value=2
[INFO] MarkerIgnoringBase - type=GAUGE, name=org.apache.tinkerpop.gremlin.server.GremlinServer.gremlin-groovy.sessionless.class-cache.eviction-count, value=0
[INFO] MarkerIgnoringBase - type=GAUGE, name=org.apache.tinkerpop.gremlin.server.GremlinServer.gremlin-groovy.sessionless.class-cache.eviction-weight, value=0
[INFO] MarkerIgnoringBase - type=GAUGE, name=org.apache.tinkerpop.gremlin.server.GremlinServer.gremlin-groovy.sessionless.class-cache.hit-count, value=0
[INFO] MarkerIgnoringBase - type=GAUGE, name=org.apache.tinkerpop.gremlin.server.GremlinServer.gremlin-groovy.sessionless.class-cache.hit-rate, value=0.0
[INFO] MarkerIgnoringBase - type=GAUGE, name=org.apache.tinkerpop.gremlin.server.GremlinServer.gremlin-groovy.sessionless.class-cache.load-count, value=2
[INFO] MarkerIgnoringBase - type=GAUGE, name=org.apache.tinkerpop.gremlin.server.GremlinServer.gremlin-groovy.sessionless.class-cache.load-failure-count, value=0
[INFO] MarkerIgnoringBase - type=GAUGE, name=org.apache.tinkerpop.gremlin.server.GremlinServer.gremlin-groovy.sessionless.class-cache.load-failure-rate, value=0.0
[INFO] MarkerIgnoringBase - type=GAUGE, name=org.apache.tinkerpop.gremlin.server.GremlinServer.gremlin-groovy.sessionless.class-cache.load-success-count, value=2
[INFO] MarkerIgnoringBase - type=GAUGE, name=org.apache.tinkerpop.gremlin.server.GremlinServer.gremlin-groovy.sessionless.class-cache.long-run-compilation-count, value=0
[INFO] MarkerIgnoringBase - type=GAUGE, name=org.apache.tinkerpop.gremlin.server.GremlinServer.gremlin-groovy.sessionless.class-cache.miss-count, value=2
[INFO] MarkerIgnoringBase - type=GAUGE, name=org.apache.tinkerpop.gremlin.server.GremlinServer.gremlin-groovy.sessionless.class-cache.miss-rate, value=1.0
[INFO] MarkerIgnoringBase - type=GAUGE, name=org.apache.tinkerpop.gremlin.server.GremlinServer.gremlin-groovy.sessionless.class-cache.request-count, value=2
[INFO] MarkerIgnoringBase - type=GAUGE, name=org.apache.tinkerpop.gremlin.server.GremlinServer.gremlin-groovy.sessionless.class-cache.total-load-time, value=332811899
[INFO] MarkerIgnoringBase - type=GAUGE, name=org.apache.tinkerpop.gremlin.server.GremlinServer.sessions, value=0
[INFO] MarkerIgnoringBase - type=METER, name=org.apache.tinkerpop.gremlin.server.GremlinServer.errors, count=0, mean_rate=0.0, m1=0.0, m5=0.0, m15=0.0, rate_unit=events/second
[INFO] MarkerIgnoringBase - type=TIMER, name=org.apache.tinkerpop.gremlin.server.GremlinServer.op.eval, count=0, min=0.0, max=0.0, mean=0.0, stddev=0.0, median=0.0, p75=0.0, p95=0.0, p98=0.0, p99=0.0, p999=0.0, mean_rate=0.0, m1=0.0, m5=0.0, m15=0.0, rate_unit=events/second, duration_unit=milliseconds
[INFO] MarkerIgnoringBase - type=TIMER, name=org.apache.tinkerpop.gremlin.server.GremlinServer.op.traversal, count=5, min=1.021504, max=14.806934, mean=3.9053476, stddev=6.095679507782894, median=1.239182, p75=8.0889275, p95=14.806934, p98=14.806934, p99=14.806934, p999=14.806934, mean_rate=0.027973043975989584, m1=0.03403872421379341, m5=0.013754857030617192, m15=0.005207632644673266, rate_unit=events/second, duration_unit=milliseconds
